<?xml version="1.0" encoding="UTF-8"?>
<!-- Generated by org.testng.reporters.JUnitReportReporter -->
<testsuite skipped="0" hostname="IN-6620GC2" name="rest.basic.xml.PostXMLRequest" tests="1" failures="0" timestamp="02 Dec 2017 16:42:32 GMT" time="1.819" errors="0">
  <testcase name="verifyResponse" time="1.819" classname="rest.basic.xml.PostXMLRequest"/>
</testsuite> <!-- rest.basic.xml.PostXMLRequest -->
